<?xml version="1.0" encoding="UTF-8"?>
<testng-results ignored="0" total="2" passed="2" failed="0" skipped="0">
  <reporter-output>
  </reporter-output>
  <suite started-at="2022-12-16T22:58:39 BDT" name="Default suite" finished-at="2022-12-16T22:59:11 BDT" duration-ms="31689">
    <groups>
    </groups>
    <test started-at="2022-12-16T22:58:39 BDT" name="Default test" finished-at="2022-12-16T22:59:11 BDT" duration-ms="31689">
      <class name="submission.ExamClass.Daraz">
        <test-method is-config="true" signature="browser()[pri:0, instance:submission.ExamClass.Daraz@71ba6d4e]" started-at="2022-12-16T22:58:37 BDT" name="browser" finished-at="2022-12-16T22:58:39 BDT" duration-ms="2232" status="PASS">
          <reporter-output>
          </reporter-output>
        </test-method> <!-- browser -->
        <test-method signature="openurl()[pri:0, instance:submission.ExamClass.Daraz@71ba6d4e]" started-at="2022-12-16T22:58:39 BDT" name="openurl" finished-at="2022-12-16T22:58:47 BDT" duration-ms="7558" status="PASS">
          <reporter-output>
          </reporter-output>
        </test-method> <!-- openurl -->
        <test-method signature="hoverNav()[pri:1, instance:submission.ExamClass.Daraz@71ba6d4e]" started-at="2022-12-16T22:58:47 BDT" name="hoverNav" finished-at="2022-12-16T22:59:11 BDT" duration-ms="24092" status="PASS">
          <reporter-output>
          </reporter-output>
        </test-method> <!-- hoverNav -->
        <test-method is-config="true" signature="End()[pri:0, instance:submission.ExamClass.Daraz@71ba6d4e]" started-at="2022-12-16T22:59:11 BDT" name="End" finished-at="2022-12-16T22:59:14 BDT" duration-ms="3129" status="PASS">
          <reporter-output>
          </reporter-output>
        </test-method> <!-- End -->
      </class> <!-- submission.ExamClass.Daraz -->
    </test> <!-- Default test -->
  </suite> <!-- Default suite -->
</testng-results>
